0 info it worked if it ends with ok
1 verbose cli [ 'node', '/opt/local/bin/npm', 'install', '-g', 'express' ]
2 info using npm@1.1.70
3 info using node@v0.8.16
4 verbose read json /opt/local/lib/package.json
5 verbose read json /opt/local/lib/package.json
6 verbose cache add [ 'express', null ]
7 silly cache add name=undefined spec="express" args=["express",null]
8 verbose parsed url { pathname: 'express', path: 'express', href: 'express' }
9 silly lockFile f3c62de4-express express
10 verbose lock express /Users/obsesif/.npm/f3c62de4-express.lock
11 silly lockFile f3c62de4-express express
12 verbose addNamed [ 'express', '' ]
13 verbose addNamed [ null, '' ]
14 silly lockFile 64a534c1-express express@
15 verbose lock express@ /Users/obsesif/.npm/64a534c1-express.lock
16 silly addNameRange { name: 'express', range: '', hasData: false }
17 verbose url raw express
18 verbose url resolving [ 'https://registry.npmjs.org/', './express' ]
19 verbose url resolved https://registry.npmjs.org/express
20 info trying registry request attempt 1 at 14:53:43
21 verbose etag "48FUGFYP731T9XUBXNMR6BKZM"
22 http GET https://registry.npmjs.org/express
23 http 200 https://registry.npmjs.org/express
24 silly registry.get cb [ 200,
24 silly registry.get   { vary: 'Accept',
24 silly registry.get     server: 'CouchDB/1.2.1 (Erlang OTP/R15B03)',
24 silly registry.get     etag: '"72FP04ODFO5KD9P8CM5A3ZHLG"',
24 silly registry.get     date: 'Tue, 12 Mar 2013 12:53:45 GMT',
24 silly registry.get     'content-type': 'application/json',
24 silly registry.get     'content-length': '282224' } ]
25 silly addNameRange number 2 { name: 'express', range: '', hasData: true }
26 silly addNameRange versions [ 'express',
26 silly addNameRange   [ '0.14.0',
26 silly addNameRange     '0.14.1',
26 silly addNameRange     '1.0.0beta',
26 silly addNameRange     '1.0.0beta2',
26 silly addNameRange     '1.0.0rc',
26 silly addNameRange     '1.0.0rc2',
26 silly addNameRange     '1.0.0rc3',
26 silly addNameRange     '1.0.0rc4',
26 silly addNameRange     '1.0.0',
26 silly addNameRange     '1.0.1',
26 silly addNameRange     '1.0.2',
26 silly addNameRange     '1.0.3',
26 silly addNameRange     '1.0.4',
26 silly addNameRange     '1.0.5',
26 silly addNameRange     '1.0.6',
26 silly addNameRange     '1.0.7',
26 silly addNameRange     '2.0.0beta',
26 silly addNameRange     '1.0.8',
26 silly addNameRange     '2.0.0beta2',
26 silly addNameRange     '2.0.0beta3',
26 silly addNameRange     '2.0.0rc',
26 silly addNameRange     '2.0.0rc2',
26 silly addNameRange     '2.0.0rc3',
26 silly addNameRange     '2.0.0',
26 silly addNameRange     '2.1.0',
26 silly addNameRange     '2.1.1',
26 silly addNameRange     '2.2.0',
26 silly addNameRange     '2.2.1',
26 silly addNameRange     '2.2.2',
26 silly addNameRange     '2.3.0',
26 silly addNameRange     '2.3.1',
26 silly addNameRange     '2.3.2',
26 silly addNameRange     '2.3.3',
26 silly addNameRange     '2.3.4',
26 silly addNameRange     '2.3.5',
26 silly addNameRange     '2.3.6',
26 silly addNameRange     '2.3.7',
26 silly addNameRange     '2.3.8',
26 silly addNameRange     '2.3.9',
26 silly addNameRange     '2.3.10',
26 silly addNameRange     '2.3.11',
26 silly addNameRange     '2.3.12',
26 silly addNameRange     '2.4.0',
26 silly addNameRange     '2.4.1',
26 silly addNameRange     '2.4.2',
26 silly addNameRange     '2.4.3',
26 silly addNameRange     '2.4.4',
26 silly addNameRange     '2.4.5',
26 silly addNameRange     '2.4.6',
26 silly addNameRange     '2.4.7',
26 silly addNameRange     '2.5.0',
26 silly addNameRange     '2.5.1',
26 silly addNameRange     '2.5.2',
26 silly addNameRange     '2.5.3',
26 silly addNameRange     '2.5.4',
26 silly addNameRange     '2.5.5',
26 silly addNameRange     '2.5.6',
26 silly addNameRange     '2.5.7',
26 silly addNameRange     '2.5.8',
26 silly addNameRange     '2.5.9',
26 silly addNameRange     '3.0.0alpha1',
26 silly addNameRange     '3.0.0alpha2',
26 silly addNameRange     '3.0.0alpha3',
26 silly addNameRange     '3.0.0alpha4',
26 silly addNameRange     '3.0.0alpha5',
26 silly addNameRange     '3.0.0beta1',
26 silly addNameRange     '3.0.0beta2',
26 silly addNameRange     '3.0.0beta3',
26 silly addNameRange     '2.5.10',
26 silly addNameRange     '3.0.0beta4',
26 silly addNameRange     '2.5.11',
26 silly addNameRange     '3.0.0beta6',
26 silly addNameRange     '3.0.0beta7',
26 silly addNameRange     '3.0.0rc1',
26 silly addNameRange     '3.0.0rc2',
26 silly addNameRange     '3.0.0rc3',
26 silly addNameRange     '3.0.0rc4',
26 silly addNameRange     '3.0.0rc5',
26 silly addNameRange     '3.0.0',
26 silly addNameRange     '3.0.1',
26 silly addNameRange     '3.0.2',
26 silly addNameRange     '3.0.3',
26 silly addNameRange     '3.0.4',
26 silly addNameRange     '3.0.5',
26 silly addNameRange     '3.0.6',
26 silly addNameRange     '3.1.0' ] ]
27 verbose addNamed [ 'express', '3.1.0' ]
28 verbose addNamed [ '3.1.0', '3.1.0' ]
29 silly lockFile 0557bc2a-express-3-1-0 express@3.1.0
30 verbose lock express@3.1.0 /Users/obsesif/.npm/0557bc2a-express-3-1-0.lock
31 silly lockFile 4542da4e-js-org-express-express-3-1-0-tgz https://registry.npmjs.org/express/-/express-3.1.0.tgz
32 verbose lock https://registry.npmjs.org/express/-/express-3.1.0.tgz /Users/obsesif/.npm/4542da4e-js-org-express-express-3-1-0-tgz.lock
33 verbose addRemoteTarball [ 'https://registry.npmjs.org/express/-/express-3.1.0.tgz',
33 verbose addRemoteTarball   'f869b2d92320f5c3dd496c172e06f02b6ad43310' ]
34 info retry fetch attempt 1 at 14:53:52
35 verbose fetch to= /var/folders/d5/12grt7q50wdfj81gzzpbbsb40000gn/T/npm-52107/1363092832396-0.7184921847656369/tmp.tgz
36 http GET https://registry.npmjs.org/express/-/express-3.1.0.tgz
37 http 200 https://registry.npmjs.org/express/-/express-3.1.0.tgz
38 silly shasum updated bytes 35342
39 info shasum f869b2d92320f5c3dd496c172e06f02b6ad43310
39 info shasum /var/folders/d5/12grt7q50wdfj81gzzpbbsb40000gn/T/npm-52107/1363092832396-0.7184921847656369/tmp.tgz
40 verbose tar unpack /var/folders/d5/12grt7q50wdfj81gzzpbbsb40000gn/T/npm-52107/1363092832396-0.7184921847656369/tmp.tgz
41 silly lockFile d8f39329-32396-0-7184921847656369-package /var/folders/d5/12grt7q50wdfj81gzzpbbsb40000gn/T/npm-52107/1363092832396-0.7184921847656369/package
42 verbose lock /var/folders/d5/12grt7q50wdfj81gzzpbbsb40000gn/T/npm-52107/1363092832396-0.7184921847656369/package /Users/obsesif/.npm/d8f39329-32396-0-7184921847656369-package.lock
43 silly gunzTarPerm modes [ '755', '644' ]
44 silly gunzTarPerm extractEntry package.json
45 silly gunzTarPerm extractEntry .npmignore
46 silly gunzTarPerm extractEntry LICENSE
47 silly gunzTarPerm extractEntry client.js
48 silly gunzTarPerm extractEntry index.js
49 silly gunzTarPerm extractEntry test.js
50 silly gunzTarPerm extractEntry .travis.yml
51 silly gunzTarPerm extractEntry History.md
52 silly gunzTarPerm extractEntry Makefile
53 silly gunzTarPerm extractEntry bin/express
54 silly gunzTarPerm extractEntry Readme.md
55 silly gunzTarPerm extractEntry lib/application.js
56 silly gunzTarPerm extractEntry lib/express.js
57 silly gunzTarPerm extractEntry lib/middleware.js
58 silly gunzTarPerm extractEntry lib/request.js
59 silly gunzTarPerm extractEntry lib/response.js
60 silly gunzTarPerm extractEntry lib/utils.js
61 silly gunzTarPerm extractEntry lib/view.js
62 silly gunzTarPerm extractEntry lib/router/index.js
63 silly gunzTarPerm extractEntry lib/router/route.js
64 verbose read json /var/folders/d5/12grt7q50wdfj81gzzpbbsb40000gn/T/npm-52107/1363092832396-0.7184921847656369/package/package.json
65 silly lockFile d8f39329-32396-0-7184921847656369-package /var/folders/d5/12grt7q50wdfj81gzzpbbsb40000gn/T/npm-52107/1363092832396-0.7184921847656369/package
66 verbose from cache /var/folders/d5/12grt7q50wdfj81gzzpbbsb40000gn/T/npm-52107/1363092832396-0.7184921847656369/package/package.json
67 verbose tar pack [ '/Users/obsesif/.npm/express/3.1.0/package.tgz',
67 verbose tar pack   '/var/folders/d5/12grt7q50wdfj81gzzpbbsb40000gn/T/npm-52107/1363092832396-0.7184921847656369/package' ]
68 verbose tarball /Users/obsesif/.npm/express/3.1.0/package.tgz
69 verbose folder /var/folders/d5/12grt7q50wdfj81gzzpbbsb40000gn/T/npm-52107/1363092832396-0.7184921847656369/package
70 silly lockFile 17c88823-if-npm-express-3-1-0-package-tgz /Users/obsesif/.npm/express/3.1.0/package.tgz
71 verbose lock /Users/obsesif/.npm/express/3.1.0/package.tgz /Users/obsesif/.npm/17c88823-if-npm-express-3-1-0-package-tgz.lock
72 silly lockFile 17c88823-if-npm-express-3-1-0-package-tgz /Users/obsesif/.npm/express/3.1.0/package.tgz
73 silly lockFile db1de768-bsesif-npm-express-3-1-0-package /Users/obsesif/.npm/express/3.1.0/package
74 verbose lock /Users/obsesif/.npm/express/3.1.0/package /Users/obsesif/.npm/db1de768-bsesif-npm-express-3-1-0-package.lock
75 silly lockFile db1de768-bsesif-npm-express-3-1-0-package /Users/obsesif/.npm/express/3.1.0/package
76 verbose tar unpack /Users/obsesif/.npm/express/3.1.0/package.tgz
77 silly lockFile db1de768-bsesif-npm-express-3-1-0-package /Users/obsesif/.npm/express/3.1.0/package
78 verbose lock /Users/obsesif/.npm/express/3.1.0/package /Users/obsesif/.npm/db1de768-bsesif-npm-express-3-1-0-package.lock
79 silly gunzTarPerm modes [ '755', '644' ]
80 silly gunzTarPerm extractEntry package.json
81 silly gunzTarPerm extractEntry .npmignore
82 silly gunzTarPerm extractEntry LICENSE
83 silly gunzTarPerm extractEntry client.js
84 silly gunzTarPerm extractEntry index.js
85 silly gunzTarPerm extractEntry test.js
86 silly gunzTarPerm extractEntry .travis.yml
87 silly gunzTarPerm extractEntry History.md
88 silly gunzTarPerm extractEntry Makefile
89 silly gunzTarPerm extractEntry bin/express
90 silly gunzTarPerm extractEntry Readme.md
91 silly gunzTarPerm extractEntry lib/application.js
92 silly gunzTarPerm extractEntry lib/express.js
93 silly gunzTarPerm extractEntry lib/middleware.js
94 silly gunzTarPerm extractEntry lib/request.js
95 silly gunzTarPerm extractEntry lib/response.js
96 silly gunzTarPerm extractEntry lib/utils.js
97 silly gunzTarPerm extractEntry lib/view.js
98 silly gunzTarPerm extractEntry lib/router/index.js
99 silly gunzTarPerm extractEntry lib/router/route.js
100 verbose read json /Users/obsesif/.npm/express/3.1.0/package/package.json
101 silly lockFile db1de768-bsesif-npm-express-3-1-0-package /Users/obsesif/.npm/express/3.1.0/package
102 silly shasum updated bytes 35342
103 info shasum f869b2d92320f5c3dd496c172e06f02b6ad43310
103 info shasum /Users/obsesif/.npm/express/3.1.0/package.tgz
104 verbose from cache /Users/obsesif/.npm/express/3.1.0/package/package.json
105 verbose chmod /Users/obsesif/.npm/express/3.1.0/package.tgz 644
106 verbose chown /Users/obsesif/.npm/express/3.1.0/package.tgz [ 501, 20 ]
107 silly lockFile 4542da4e-js-org-express-express-3-1-0-tgz https://registry.npmjs.org/express/-/express-3.1.0.tgz
108 silly lockFile 0557bc2a-express-3-1-0 express@3.1.0
109 silly lockFile 64a534c1-express express@
110 silly resolved [ { name: 'express',
110 silly resolved     description: 'Sinatra inspired web development framework',
110 silly resolved     version: '3.1.0',
110 silly resolved     author: { name: 'TJ Holowaychuk', email: 'tj@vision-media.ca' },
110 silly resolved     contributors: [ [Object], [Object], [Object], [Object] ],
110 silly resolved     dependencies:
110 silly resolved      { connect: '2.7.2',
110 silly resolved        commander: '0.6.1',
110 silly resolved        'range-parser': '0.0.4',
110 silly resolved        mkdirp: '0.3.3',
110 silly resolved        cookie: '0.0.5',
110 silly resolved        'buffer-crc32': '0.1.1',
110 silly resolved        fresh: '0.1.0',
110 silly resolved        methods: '0.0.1',
110 silly resolved        send: '0.1.0',
110 silly resolved        'cookie-signature': '0.0.1',
110 silly resolved        debug: '*' },
110 silly resolved     devDependencies:
110 silly resolved      { ejs: '*',
110 silly resolved        mocha: '*',
110 silly resolved        jade: '*',
110 silly resolved        hjs: '*',
110 silly resolved        stylus: '*',
110 silly resolved        should: '*',
110 silly resolved        'connect-redis': '*',
110 silly resolved        'github-flavored-markdown': '*',
110 silly resolved        supertest: '0.0.1' },
110 silly resolved     keywords:
110 silly resolved      [ 'express',
110 silly resolved        'framework',
110 silly resolved        'sinatra',
110 silly resolved        'web',
110 silly resolved        'rest',
110 silly resolved        'restful',
110 silly resolved        'router',
110 silly resolved        'app',
110 silly resolved        'api' ],
110 silly resolved     repository: { type: 'git', url: 'git://github.com/visionmedia/express' },
110 silly resolved     main: 'index',
110 silly resolved     bin: { express: './bin/express' },
110 silly resolved     scripts: { prepublish: 'npm prune', test: 'make test' },
110 silly resolved     engines: { node: '*' },
110 silly resolved     readme: '![express logo](http://f.cl.ly/items/0V2S1n0K1i3y1c122g04/Screen%20Shot%202012-04-11%20at%209.59.42%20AM.png)\n\n  Fast, unopinionated, minimalist web framework for [node](http://nodejs.org). [![Build Status](https://secure.travis-ci.org/visionmedia/express.png)](http://travis-ci.org/visionmedia/express)\n\n```js\nvar express = require(\'express\');\nvar app = express();\n\napp.get(\'/\', function(req, res){\n  res.send(\'Hello World\');\n});\n\napp.listen(3000);\n```\n\n## Installation\n\n    $ npm install -g express\n\n## Quick Start\n\n The quickest way to get started with express is to utilize the executable `express(1)` to generate an application as shown below:\n\n Create the app:\n\n    $ npm install -g express\n    $ express /tmp/foo && cd /tmp/foo\n\n Install dependencies:\n\n    $ npm install\n\n Start the server:\n\n    $ node app\n\n## Features\n\n  * Built on [Connect](http://github.com/senchalabs/connect)\n  * Robust routing\n  * HTTP helpers (redirection, caching, etc)\n  * View system supporting 14+ template engines\n  * Content negotiation\n  * Focus on high performance\n  * Environment based configuration\n  * Executable for generating applications quickly\n  * High test coverage\n\n## Philosophy\n\n  The Express philosophy is to provide small, robust tooling for HTTP servers. Making\n  it a great solution for single page applications, web sites, hybrids, or public\n  HTTP APIs.\n  \n  Built on Connect you can use _only_ what you need, and nothing more, applications\n  can be as big or as small as you like, even a single file. Express does\n  not force you to use any specific ORM or template engine. With support for over\n  14 template engines via [Consolidate.js](http://github.com/visionmedia/consolidate.js)\n  you can quickly craft your perfect framework.\n\n## More Information\n\n  * Join #express on freenode\n  * [Google Group](http://groups.google.com/group/express-js) for discussion\n  * Follow [tjholowaychuk](http://twitter.com/tjholowaychuk) on twitter for updates\n  * Visit the [Wiki](http://github.com/visionmedia/express/wiki)\n  * [日本語ドキュメンテーション](http://hideyukisaito.com/doc/expressjs/) by [hideyukisaito](https://github.com/hideyukisaito)\n  * [Русскоязычная документация](http://express-js.ru/)\n\n## Viewing Examples\n\nClone the Express repo, then install the dev dependencies to install all the example / test suite deps:\n\n    $ git clone git://github.com/visionmedia/express.git --depth 1\n    $ cd express\n    $ npm install\n\nthen run whichever tests you want:\n\n    $ node examples/content-negotiation\n\n## Running Tests\n\nTo run the test suite first invoke the following command within the repo, installing the development dependencies:\n\n    $ npm install\n\nthen run the tests:\n\n    $ make test\n\n## Contributors\n\n```\nproject: express\ncommits: 3559\nactive : 468 days\nfiles  : 237\nauthors: \n 1891\tTj Holowaychuk          53.1%\n 1285\tvisionmedia             36.1%\n  182\tTJ Holowaychuk          5.1%\n   54\tAaron Heckmann          1.5%\n   34\tcsausdev                1.0%\n   26\tciaranj                 0.7%\n   21\tRobert Sköld            0.6%\n    6\tGuillermo Rauch         0.2%\n    3\tDav Glass               0.1%\n    3\tNick Poulden            0.1%\n    2\tRandy Merrill           0.1%\n    2\tBenny Wong              0.1%\n    2\tHunter Loftis           0.1%\n    2\tJake Gordon             0.1%\n    2\tBrian McKinney          0.1%\n    2\tRoman Shtylman          0.1%\n    2\tBen Weaver              0.1%\n    2\tDave Hoover             0.1%\n    2\tEivind Fjeldstad        0.1%\n    2\tDaniel Shaw             0.1%\n    1\tMatt Colyer             0.0%\n    1\tPau Ramon               0.0%\n    1\tPero Pejovic            0.0%\n    1\tPeter Rekdal Sunde      0.0%\n    1\tRaynos                  0.0%\n    1\tTeng Siong Ong          0.0%\n    1\tViktor Kelemen          0.0%\n    1\tctide                   0.0%\n    1\t8bitDesigner            0.0%\n    1\tisaacs                  0.0%\n    1\tmgutz                   0.0%\n    1\tpikeas                  0.0%\n    1\tshuwatto                0.0%\n    1\ttstrimple               0.0%\n    1\tewoudj                  0.0%\n    1\tAdam Sanderson          0.0%\n    1\tAndrii Kostenko         0.0%\n    1\tAndy Hiew               0.0%\n    1\tArpad Borsos            0.0%\n    1\tAshwin Purohit          0.0%\n    1\tBenjen                  0.0%\n    1\tDarren Torpey           0.0%\n    1\tGreg Ritter             0.0%\n    1\tGregory Ritter          0.0%\n    1\tJames Herdman           0.0%\n    1\tJim Snodgrass           0.0%\n    1\tJoe McCann              0.0%\n    1\tJonathan Dumaine        0.0%\n    1\tJonathan Palardy        0.0%\n    1\tJonathan Zacsh          0.0%\n    1\tJustin Lilly            0.0%\n    1\tKen Sato                0.0%\n    1\tMaciej Małecki          0.0%\n    1\tMasahiro Hayashi        0.0%\n```\n\n## License \n\n(The MIT License)\n\nCopyright (c) 2009-2012 TJ Holowaychuk &lt;tj@vision-media.ca&gt;\n\nPermission is hereby granted, free of charge, to any person obtaining\na copy of this software and associated documentation files (the\n\'Software\'), to deal in the Software without restriction, including\nwithout limitation the rights to use, copy, modify, merge, publish,\ndistribute, sublicense, and/or sell copies of the Software, and to\npermit persons to whom the Software is furnished to do so, subject to\nthe following conditions:\n\nThe above copyright notice and this permission notice shall be\nincluded in all copies or substantial portions of the Software.\n\nTHE SOFTWARE IS PROVIDED \'AS IS\', WITHOUT WARRANTY OF ANY KIND,\nEXPRESS OR IMPLIED, INCLUDING BUT NOT LIMITED TO THE WARRANTIES OF\nMERCHANTABILITY, FITNESS FOR A PARTICULAR PURPOSE AND NONINFRINGEMENT.\nIN NO EVENT SHALL THE AUTHORS OR COPYRIGHT HOLDERS BE LIABLE FOR ANY\nCLAIM, DAMAGES OR OTHER LIABILITY, WHETHER IN AN ACTION OF CONTRACT,\nTORT OR OTHERWISE, ARISING FROM, OUT OF OR IN CONNECTION WITH THE\nSOFTWARE OR THE USE OR OTHER DEALINGS IN THE SOFTWARE.\n',
110 silly resolved     readmeFilename: 'Readme.md',
110 silly resolved     _id: 'express@3.1.0',
110 silly resolved     dist: { shasum: 'f869b2d92320f5c3dd496c172e06f02b6ad43310' },
110 silly resolved     _from: 'express' } ]
111 info install express@3.1.0 into /opt/local/lib
112 info installOne express@3.1.0
113 verbose from cache /Users/obsesif/.npm/express/3.1.0/package/package.json
114 info /opt/local/lib/node_modules/express unbuild
115 verbose read json /opt/local/lib/node_modules/express/package.json
116 info preuninstall express@3.0.6
117 info uninstall express@3.0.6
118 verbose true,/opt/local/lib/node_modules,/opt/local/lib/node_modules unbuild express@3.0.6
119 verbose /opt/local/bin,[object Object] binRoot
120 info postuninstall express@3.0.6
121 info /opt/local/lib/node_modules/express unbuild
122 verbose read json /opt/local/lib/node_modules/express/package.json
123 info preuninstall express@3.0.6
124 info uninstall express@3.0.6
125 verbose true,/opt/local/lib/node_modules,/opt/local/lib/node_modules unbuild express@3.0.6
126 verbose /opt/local/bin,[object Object] binRoot
127 info postuninstall express@3.0.6
128 error error rolling back Error: EACCES, unlink '/opt/local/lib/node_modules/express'
128 error error rolling back  express@3.1.0 { [Error: EACCES, unlink '/opt/local/lib/node_modules/express']
128 error error rolling back   errno: 3,
128 error error rolling back   code: 'EACCES',
128 error error rolling back   path: '/opt/local/lib/node_modules/express' }
129 error Error: EACCES, unlink '/opt/local/lib/node_modules/express'
129 error  { [Error: EACCES, unlink '/opt/local/lib/node_modules/express']
129 error   errno: 3,
129 error   code: 'EACCES',
129 error   path: '/opt/local/lib/node_modules/express' }
130 error Please try running this command again as root/Administrator.
131 error System Darwin 12.2.0
132 error command "node" "/opt/local/bin/npm" "install" "-g" "express"
133 error cwd /Users/obsesif/work/mobilike/gryphon
134 error node -v v0.8.16
135 error npm -v 1.1.70
136 error path /opt/local/lib/node_modules/express
137 error code EACCES
138 error errno 3
139 error stack Error: EACCES, unlink '/opt/local/lib/node_modules/express'
140 verbose exit [ 3, true ]
