disposeInternal:j
tag:f
continue_:Pa
element_:Lb
unhandledExceptionTimeoutId_:Ja
deferred_:zc
propagationStopped_:H
callbackParamName_:Ab
dependentDisposables_:Kb
customEvent_:Ra
oper:la
silentlyCancelled_:mb
ERAS:fc
SHORTQUARTERS:lc
TIMEFORMATS:tc
clone:p
NARROWWEEKDAYS:ic
level_:Q
parent_:v
commentCount_:Oa
userInfo_:Z
hours:Ob
time_:Hc
hadError_:P
elConsole:xa
sequenceNumber_:Zb
attr:sa
timerObject_:W
loggerName_:Dc
remaining_:g
defaultButton_:Hb
domain_:t
defaultScope_:Ib
tracerOverheadStart_:sb
RemoveEvent:xb
years:bc
comment:Eb
oquery:Fc
query:I
last_:Ea
count_:b
STANDALONESHORTWEEKDAYS:rc
tracerCount_:pb
line:Cc
eventType:za
keys_:e
STANDALONENARROWWEEKDAYS:pc
deferred:yc
infixOper:cb
timer_:A
loops:fb
ignoreCase_:k
scheme_:s
FIRSTDAYOFWEEK:ub
getElement:ab
proxy:jb
createObjectFn_:Qa
interval_:ia
instance_:Pb
freeQueue_:O
event_:Aa
ds:ea
NARROWMONTHS:hc
classes:n
STANDALONENARROWMONTHS:oc
platformModifierKey:Wb
fetchEvents:F
cleanupWhenDone:Db
MONTHS:gc
handlers_:bb
messagePattern:Ec
stopTime:Gc
script_:kb
paused_:S
disposed_:Va
days:Gb
el:D
isReadOnly_:Qb
seconds:Yb
document_:Wa
uri_:Y
getLogRecord:Nb
getCount:$a
port_:G
maxCount_:gb
ERANAMES:ec
result_:Ia
cause:xc
WEEKENDRANGE:vc
count:ca
STANDALONEWEEKDAYS:sc
_responseColumnsCallBack:pa
AMPMS:cc
cachedToString_:h
SumTS:La
keyMap_:d
FIRSTWEEKCUTOFFDAY:vb
QUARTERS:jc
chain_:ba
tick_:$b
createObject:da
getKeys:r
attrs:aa
nozip:ka
otag:Vb
exception_:Za
decodedQuery_:va
timeout_:V
boundTick_:ta
_refreshTime:oa
_timer:m
setLevel:lb
nextId_:ib
fired_:M
exceptionText_:Ya
_utcTime:Ma
AddEvent:tb
SHORTWEEKDAYS:mc
init:ha
getInstance:Mb
events_:L
date_:a
dataRows:B
returnValue_:ma
matchFor:Fa
outstandingEvents_:Ga
DATEFORMATS:dc
firstWeekCutOffDay_:ga
statPool_:ob
responseData:Xb
locked_:ja
dataColumns:Sa
_responseErrorCallBack:qa
getTag:Ba
eventPool_:ya
disposeObjectFn_:Ua
name_:Ub
startTime_:nb
superClass_:U
__iterator__:na
_responseSuccessCallBack:ra
children_:ua
fragment_:N
listener:R
isFunctionListener_:eb
varAlloc:Ka
idPool_:Da
toIsoString:X
cancelButton_:Bb
queryData_:l
getValues:u
chained_:Cb
pseudos:z
map_:i
commentStrip:Fb
msg_:Tb
GetRowColumns:wb
needsCleanup_:hb
canceller_:wc
defaultPrevented:Ta
minutes:Rb
path_:w
dispose:C
parentEventTarget_:Ha
STANDALONEMONTHS:nc
WEEKDAYS:uc
version_:$
firstDayOfWeek_:fa
stats_:T
containsKey:q
months:Sb
disposeObject:wa
callOnce:Na
defaultThreshold_:Jb
dom_:Ac
_url:yb
STANDALONESHORTMONTHS:qc
removed:J
tracerOverheadComment_:qb
eventTime:Xa
id_:Bc
setIgnoreCase:K
totalVarAlloc:ac
tracerOverheadEnd_:rb
SHORTMONTHS:kc
encodedQuery_:o
handler:Ca
branches_:zb
