goog$exportSymbol:pa
goog$isArrayLike:y
goog$debug$fnNameCache_:jc
makina$Dataset:Qb
JSCompiler_StaticMethods_addCallbacks:ud
goog$array$some:ib
goog$Uri$encodeChar_:Pb
goog$debug$getStacktraceHelper_:hc
goog$string$urlEncode:ua
goog$ui$Dialog$ButtonSet$DefaultButtons$CONTINUE:Sd
L 39:Td
L 38:sb
L 37:Ed
goog$object$set:eb
goog$net$jsloader$ErrorCode$LOAD_ERROR:Cd
goog$debug$LogManager$rootLogger_:Dc
L 32:sc
L 31:tc
L 30:wc
L 36:qc
L 35:Fd
L 34:U
L 33:rc
goog$iter$StopIteration:nb
re$$inline_62:Ra
goog$userAgent$isVersion:J
goog$string$trim:ra
JSCompiler_StaticMethods_resback_:qd
JSCompiler_StaticMethods_fire_:rd
L 27:Da
L 26:Hd
L 29:Gd
goog$userAgent$GECKO:H
L 28:tb
goog$debug$LogRecord$nextSequenceNumber_:pc
JSCompiler_StaticMethods_getKeyName_:R
JSCompiler_get:aa
JSCompiler_StaticMethods_Console:T
goog$net$Jsonp$scriptCounter_:Id
goog$UID_PROPERTY_:ha
L 21:xc
L 20:uc
goog$userAgent$detectedOpera_:Ca
L 23:yc
goog$userAgent$MAC:Na
goog$async$Deferred$AlreadyCalledError:td
L 22:la
L 25:Ea
L 24:Qa
goog$reflect$sinkValue:Uc
L 50:x
JSCompiler_StaticMethods_maybeFixDst_:nd
goog$debug$LogRecord:oc
arr$$inline_64:Ta
JSCompiler_StaticMethods_setFragment:Eb
operaVersion$$inline_63:Sa
L 55:de
goog$net$jsloader$Error:Ad
L 54:ce
goog$string$quotRe_:Aa
L 53:ge
L 52:t
L 51:fe
goog$events$BrowserFeature$HAS_W3C_EVENT_SUPPORT:Sc
JSCompiler_StaticMethods_setScheme:yb
JSCompiler_StaticMethods__StartTimer:Xb
goog$typeOf:da
L 49:ee
L 48:be
goog$i18n$DateTimeSymbols_en:ld
goog$events$unlistenByKey:ad
L 45:Zd
L 44:Yd
JSCompiler_StaticMethods__ResponseDataSuccessCallBack:ac
goog$events$EventTarget:gd
L 47:ae
L 46:$d
L 41:Vd
L 40:Ud
JSCompiler_StaticMethods_RequestData:Vb
L 43:Xd
L 42:Wd
goog$dom$DomHelper:Nc
goog$events$unlisten:$c
JSCompiler_StaticMethods_UpdateDataRow:fc
docMode$$inline_65:Ua
goog$dom$setProperties:Oc
goog$uri$utils$splitRe_:ab
goog$date$DateTime:Ub
goog$events$Event:W
goog$string$amperRe_:xa
goog$events$BrowserFeature$SET_KEY_CODE_TO_PREVENT_DEFAULT:Tc
goog$events$listenerTree_:X
goog$events$BrowserEvent:Vc
JSCompiler_StaticMethods_invalidateCache_:Nb
goog$Uri$QueryData:Fb
goog$Uri$reDisallowedInSchemeOrUserInfo_:Hb
JSCompiler_prototypeAlias:u
goog$debug$Logger:V
makina$dom$createElement:Wb
goog$debug$Trace_$Stat_:Hc
goog$Timer$defaultTimerObject:Md
JSCompiler_StaticMethods_hasErrback_:vd
goog$userAgent$VERSION:Oa
goog$isObject:fa
goog$string$compareElements_:Ba
goog$bindJs_:ka
JSCompiler_alias_VOID:i
goog$net$Jsonp$newErrorHandler_:Kd
goog$Timer$TICK:$b
goog$asserts$AssertionError:Za
goog$events$onStringMap_:Xc
goog$Disposable:kc
goog$userAgent$IE:G
JSCompiler_alias_NULL:k
goog$structs$SimplePool:mc
goog$getObjectByName:ba
goog$uidCounter_:ia
L 13:A
L 14:s
goog$events$fireListeners_:dd
L 11:o
L 12:B
L 10:r
goog$structs$Map:O
goog$events$getProxy:Yc
L 19:ma
L 17:na
L 18:vc
L 15:p
L 16:D
JSCompiler_StaticMethods_cleanupKeysArray_:vb
goog$dom$DIRECT_ATTRIBUTE_MAP_:Pc
version$$inline_61:Pa
goog$object$extend:gb
goog$net$Jsonp:dc
goog$ui$Dialog$ButtonSet$DefaultButtons$SAVE:Rd
JSCompiler_StaticMethods_enforceReadOnly:P
goog$Uri$reDisallowedInQuery_:Lb
goog$iter$forEach:qb
goog$events$sources_:Y
JSCompiler_alias_THROW:g
goog$structs$Map$hasKey_:wb
goog$string$allRe_:wa
goog$getUid:ga
JSCompiler_alias_FALSE:q
goog$userAgent$detectedIe_:Fa
goog$debug$Error:K
goog$events$removeAll:cd
L 0:a
goog$bindNative_:ja
goog$net$jsloader$ErrorCode$TIMEOUT:Bd
goog$async$Deferred:pd
L 1:b
L 2:c
goog$isString:z
L 3:d
goog$userAgent$isDocumentModeCache_:Xa
goog$array$forEach:N
L 9:l
JSCompiler_StaticMethods_setPort:Bb
L 8:n
L 7:m
L 6:h
L 5:f
goog$object$getKeys:cb
L 4:e
JSCompiler_StaticMethods_ensureKeyMapInitialized_:Q
JSCompiler_StaticMethods_getTimezoneOffsetString:od
goog$date$Date:md
goog$iter$toIterator:pb
goog$ui$Dialog$ButtonSet$DefaultButtons$CANCEL:Od
goog$ui$IdGenerator:fd
JSCompiler_StaticMethods_GroupBys:Sb
goog$ui$Dialog$ButtonSet$DefaultButtons$OK:Nd
JSCompiler_StaticMethods_DecodeData:bc
goog$ui$Dialog$ButtonSet$DefaultButtons$YES:Pd
goog$string$subs:qa
goog$userAgent$detectedWebkit_:Ga
goog$inherits:E
goog$debug$Logger$Level$CONFIG:Ac
goog$array$stableSort:mb
ua$$inline_49:Ja
goog$string$htmlEscape:va
goog$net$jsloader$load:xd
goog$object$getValues:bb
goog$debug$getStacktrace:gc
goog$object$PROTOTYPE_FIELDS_:fb
goog$ui$Dialog$ButtonSet$DefaultButtons$NO:Qd
makina$Registry:jd
goog$userAgent$getUserAgentString:Ia
JSCompiler_StaticMethods_check_:sd
goog$debug$getFunctionName:ic
goog$Uri$encodeSpecialRegExp_:Ob
goog$ui$Dialog$ButtonSet:Z
goog$object$forEach:L
goog$string$caseInsensitiveCompare:sa
goog$net$jsloader$cancel_:yd
goog$dom$getDomHelper:Mc
goog$userAgent$WEBKIT:I
goog$debug$Trace_$formatTime_:Kc
JSCompiler_alias_TRUE:j
goog$userAgent$detectedGecko_:Ha
goog$events$handleBrowserEvent_:Zc
goog$userAgent$isVersionCache_:Wa
goog$array$defaultCompare:lb
goog$events$listeners_:Wc
goog$events$Listener$counter_:Rc
JSCompiler_StaticMethods__RequestDataBeforeSend:cc
goog$net$jsloader$cleanup_:zd
goog$functions$TRUE:hd
goog$array$concat:jb
goog$string$gtRe_:za
JSCompiler_StaticMethods_releaseObject:nc
goog$debug$Logger$Level:zc
doc$$inline_503:Va
JSCompiler_StaticMethods_setUserInfo:zb
goog$Timer:Yb
JSCompiler_StaticMethods_setPath:Cb
goog$net$jsloader$getScriptParentElement_:Dd
makina$Widget:S
JSCompiler_StaticMethods_addButton:$
goog$nullFunction:ca
goog$events$listen:Zb
goog$events$cleanUp_:bd
goog$iter$Iterator:ob
JSCompiler_StaticMethods_toTraceString:Ic
goog$json$parse:ec
tempDiv:kd
goog$string$padNumber:F
JSCompiler_StaticMethods_setDomain:Ab
goog$string$encodeUriRegExp_:ta
goog$asserts$fail:$a
goog$structs$getValues:rb
goog$events$Listener:Qc
goog$Uri:xb
goog$debug$Trace_:Fc
goog$debug$LogManager$loggers_:Cc
goog$bind:oa
goog$now:C
JSCompiler_StaticMethods_setParameterValues:Mb
goog$array$sort:kb
goog$isArray:w
JSCompiler_StaticMethods_getEffectiveLevel:Bc
goog$userAgent$OPERA:La
JSCompiler_StaticMethods_setQueryData:Db
goog$global:v
navigator$$inline_50:Ka
goog$events$fireListener:ed
goog$Uri$reDisallowedInRelativePath_:Jb
goog$net$Jsonp$newReplyHandler_:Jd
navigator$$inline_53:Ma
goog$Uri$reDisallowedInAbsolutePath_:Ib
goog$Uri$reDisallowedInFragment_:Kb
goog$array$ARRAY_PROTOTYPE_:M
JSCompiler_StaticMethods_GetColumnValues:Tb
goog$disposeAll:lc
JSCompiler_StaticMethods_Sum:Rb
goog$debug$Trace_$Event_:Gc
goog$object$getValueByKeys:db
goog$dom$query:id
goog$dom$defaultDomHelper_:Lc
goog$debug$LogManager$getLogger:Ec
goog$debug$Trace_$longToPaddedString_:Jc
goog$array$indexOf:hb
goog$net$Jsonp$cleanup_:Ld
goog$isFunction:ea
goog$string$ltRe_:ya
goog$userAgent$isDocumentMode:Ya
goog$async$Deferred$UnhandledError:wd
goog$structs$forEach:ub
goog$Uri$encodeSpecialChars_:Gb
